2024-01-07T18:20:23.969Z [INFO] [auth] PDF creation successful
2024-01-07T18:27:37.744Z [INFO] [auth] PDF creation successful
2024-01-07T18:29:57.072Z [INFO] [auth] PDF creation successful
2024-01-08T15:57:22.794Z [INFO] [auth] PDF creation successful
2024-01-08T16:01:04.518Z [ERROR] [auth] Internal Server Error: ENOENT: no such file or directory, open 'C:\Users\Admin\Desktop\Company Assignments\Pdf_Maker\backend\Controllers\uploads\20231004_124042.png'
2024-01-08T16:02:30.848Z [ERROR] [auth] Internal Server Error: ENOENT: no such file or directory, open 'C:\Users\Admin\Desktop\Company Assignments\Pdf_Maker\backend\Controllers\uploads\20231004_124042.png'
2024-01-08T16:04:04.254Z [ERROR] [auth] Internal Server Error: ENOENT: no such file or directory, open 'C:\Users\Admin\Desktop\Company Assignments\Pdf_Maker\backend\Controllers\uploads\20231004_124042.png'
2024-01-08T16:05:28.152Z [ERROR] [auth] Internal Server Error: ENOENT: no such file or directory, open 'C:\Users\Admin\Desktop\Company Assignments\Pdf_Maker\backend\Controllers\uploads\20231004_124042.png'
2024-01-08T16:06:37.789Z [ERROR] [auth] Internal Server Error: ENOENT: no such file or directory, open 'C:\Users\Admin\Desktop\Company Assignments\Pdf_Maker\backend\Controllers\uploads\20231018_110353.png'
2024-01-08T16:10:45.118Z [ERROR] [auth] Internal Server Error: Unknown image format.
2024-01-08T16:12:08.249Z [ERROR] [auth] Internal Server Error: Unknown image format.
2024-01-08T16:12:27.880Z [ERROR] [auth] Internal Server Error: Unknown image format.
2024-01-08T16:30:10.874Z [INFO] [auth] PDF creation successful
2024-01-08T16:31:13.655Z [INFO] [auth] PDF creation successful
2024-01-08T16:36:25.120Z [INFO] [auth] PDF creation successful
2024-01-08T16:46:11.218Z [INFO] [auth] PDF creation successful
2024-01-08T17:18:13.417Z [INFO] [auth] PDF creation successful
2024-01-08T17:22:07.387Z [INFO] [auth] PDF creation successful
2024-01-09T06:23:26.280Z [INFO] [auth] PDF creation successful
2024-01-09T06:29:15.813Z [INFO] [auth] PDF creation successful
2024-01-09T06:30:27.796Z [INFO] [auth] PDF creation successful
2024-01-09T06:37:15.914Z [INFO] [auth] PDF creation successful
2024-01-09T06:43:03.471Z [INFO] [auth] PDF creation successful
2024-01-09T06:50:21.540Z [INFO] [auth] PDF creation successful
2024-01-09T06:54:36.801Z [INFO] [auth] PDF creation successful
2024-01-09T07:02:23.733Z [INFO] [auth] PDF creation successful
2024-01-09T13:52:10.600Z [ERROR] [auth] User not found for login attempt: omkardhanave_
2024-01-09T13:52:58.146Z [ERROR] [auth] User not found for login attempt: omkardhanave_
2024-01-09T13:52:59.981Z [ERROR] [auth] User not found for login attempt: omkardhanave_
2024-01-09T13:53:00.535Z [ERROR] [auth] User not found for login attempt: omkardhanave_
2024-01-09T13:53:01.023Z [ERROR] [auth] User not found for login attempt: omkardhanave_
2024-01-09T13:53:02.304Z [ERROR] [auth] User not found for login attempt: omkardhanave_
2024-01-09T13:53:02.641Z [ERROR] [auth] User not found for login attempt: omkardhanave_
2024-01-09T13:53:09.834Z [ERROR] [auth] User not found for login attempt: omkardhanave_
2024-01-09T13:53:10.397Z [ERROR] [auth] User not found for login attempt: omkardhanave_
2024-01-09T13:53:11.096Z [ERROR] [auth] User not found for login attempt: omkardhanave_
2024-01-09T13:53:12.889Z [ERROR] [auth] User not found for login attempt: omkardhanave_
2024-01-09T13:53:16.871Z [ERROR] [auth] User not found for login attempt: omkardhanave_
2024-01-09T13:56:45.003Z [ERROR] [auth] User not found for login attempt: omkardhanave_
2024-01-09T13:56:47.770Z [ERROR] [auth] User not found for login attempt: omkardhanave_
2024-01-09T13:56:48.288Z [ERROR] [auth] User not found for login attempt: omkardhanave_
2024-01-09T13:56:51.074Z [ERROR] [auth] User not found for login attempt: omkardhanave_
2024-01-09T14:02:14.068Z [ERROR] [auth] User not found for login attempt: omkardhanave_
2024-01-09T14:02:15.334Z [ERROR] [auth] User not found for login attempt: omkardhanave_
2024-01-09T14:02:16.162Z [ERROR] [auth] User not found for login attempt: omkardhanave_
2024-01-09T14:02:52.504Z [ERROR] [auth] User not found for login attempt: omkardhanave_
2024-01-09T14:12:13.444Z [ERROR] [auth] User not found for login attempt: sagar
2024-01-09T14:12:22.486Z [ERROR] [auth] User not found for login attempt: sagar
2024-01-09T14:18:16.048Z [ERROR] [auth] User not found for login attempt: sagar
2024-01-09T14:18:43.129Z [ERROR] [auth] User not found for login attempt: sagar
2024-01-09T14:19:51.702Z [ERROR] [auth] User not found for login attempt: sagar
2024-01-09T14:20:13.656Z [ERROR] [auth] User not found for login attempt: sagar
2024-01-09T14:20:17.371Z [ERROR] [auth] User not found for login attempt: sagar
2024-01-09T14:22:30.697Z [ERROR] [auth] User not found for login attempt: sagar
2024-01-09T14:22:33.928Z [ERROR] [auth] User not found for login attempt: sagar
2024-01-09T14:26:12.430Z [ERROR] [auth] User not found for login attempt: admin
2024-01-09T14:28:14.604Z [ERROR] [auth] User not found for login attempt: Omkar
2024-01-09T14:34:20.714Z [ERROR] [auth] User not found for login attempt: sagarca
2024-01-09T14:35:16.152Z [ERROR] [auth] User not found for login attempt: casccascacac
2024-01-09T14:35:45.469Z [ERROR] [auth] User not found for login attempt: omkhanave_
2024-01-09T14:38:55.991Z [ERROR] [auth] User not found for login attempt: cascaccaccasc
2024-01-09T14:39:51.187Z [ERROR] [auth] User not found for login attempt: cascaccaccasc
2024-01-09T14:39:59.210Z [ERROR] [auth] User not found for login attempt: acacaccacca
2024-01-09T14:40:26.147Z [ERROR] [auth] User not found for login attempt: acacaccacca
2024-01-09T14:41:09.006Z [ERROR] [auth] User not found for login attempt: acacaccacca
2024-01-09T14:41:24.447Z [ERROR] [auth] Invalid credentials for user: omkardhanave_
2024-01-09T14:41:31.651Z [ERROR] [auth] Invalid credentials for user: omkardhanave_
2024-01-09T14:42:40.718Z [ERROR] [auth] Invalid credentials for user: omkardhanave_
2024-01-09T14:48:13.328Z [ERROR] [auth] User not found for login attempt: Omkarc
2024-01-09T14:48:24.508Z [ERROR] [auth] Invalid credentials for user: omkardhanave_
2024-01-09T14:48:28.885Z [ERROR] [auth] Invalid credentials for user: omkardhanave_
2024-01-10T15:30:52.939Z [ERROR] [auth] User not found for login attempt: omkardhanave_
